Using pre-set license
Built from '2021.3/staging' branch; Version is '2021.3.8f1 (b30333d56e81) revision 11731763'; Using compiler version '192829333'; Build Type 'Release'
OS: 'Windows 10  (10.0.19043) 64bit Core' Language: 'en' Physical Memory: 8069 MB
BatchMode: 1, IsHumanControllingUs: 0, StartBugReporterOnCrash: 0, Is64bit: 1, IsPro: 1

COMMAND LINE ARGUMENTS:
C:\Program Files\Unity\Hub\Editor\2021.3.8f1\Editor\Unity.exe
-adb2
-batchMode
-noUpm
-name
AssetImportWorker4
-projectPath
C:/Users/UZMAN/Documents/projects/Bridge_Fall_Game/Bridge_fall_try_1
-logFile
Logs/AssetImportWorker4.log
-srvPort
64766
Successfully changed project path to: C:/Users/UZMAN/Documents/projects/Bridge_Fall_Game/Bridge_fall_try_1
C:/Users/UZMAN/Documents/projects/Bridge_Fall_Game/Bridge_fall_try_1
[UnityMemory] Configuration Parameters - Can be set up in boot.config
    "memorysetup-bucket-allocator-granularity=16"
    "memorysetup-bucket-allocator-bucket-count=8"
    "memorysetup-bucket-allocator-block-size=33554432"
    "memorysetup-bucket-allocator-block-count=8"
    "memorysetup-main-allocator-block-size=16777216"
    "memorysetup-thread-allocator-block-size=16777216"
    "memorysetup-gfx-main-allocator-block-size=16777216"
    "memorysetup-gfx-thread-allocator-block-size=16777216"
    "memorysetup-cache-allocator-block-size=4194304"
    "memorysetup-typetree-allocator-block-size=2097152"
    "memorysetup-profiler-bucket-allocator-granularity=16"
    "memorysetup-profiler-bucket-allocator-bucket-count=8"
    "memorysetup-profiler-bucket-allocator-block-size=33554432"
    "memorysetup-profiler-bucket-allocator-block-count=8"
    "memorysetup-profiler-allocator-block-size=16777216"
    "memorysetup-profiler-editor-allocator-block-size=1048576"
    "memorysetup-temp-allocator-size-main=16777216"
    "memorysetup-job-temp-allocator-block-size=2097152"
    "memorysetup-job-temp-allocator-block-size-background=1048576"
    "memorysetup-job-temp-allocator-reduction-small-platforms=262144"
    "memorysetup-temp-allocator-size-background-worker=32768"
    "memorysetup-temp-allocator-size-job-worker=262144"
    "memorysetup-temp-allocator-size-preload-manager=33554432"
    "memorysetup-temp-allocator-size-nav-mesh-worker=65536"
    "memorysetup-temp-allocator-size-audio-worker=65536"
    "memorysetup-temp-allocator-size-cloud-worker=32768"
    "memorysetup-temp-allocator-size-gi-baking-worker=262144"
    "memorysetup-temp-allocator-size-gfx=262144"
Refreshing native plugins compatible for Editor in 243.26 ms, found 3 plugins.
Preloading 0 native plugins for Editor in 0.00 ms.
Initialize engine version: 2021.3.8f1 (b30333d56e81)
[Subsystems] Discovering subsystems at path C:/Program Files/Unity/Hub/Editor/2021.3.8f1/Editor/Data/Resources/UnitySubsystems
[Subsystems] Discovering subsystems at path C:/Users/UZMAN/Documents/projects/Bridge_Fall_Game/Bridge_fall_try_1/Assets
GfxDevice: creating device client; threaded=0; jobified=0
Direct3D:
    Version:  Direct3D 11.0 [level 11.1]
    Renderer: Intel(R) HD Graphics 520 (ID=0x1916)
    Vendor:   Intel
    VRAM:     4034 MB
    Driver:   30.0.101.1340
Initialize mono
Mono path[0] = 'C:/Program Files/Unity/Hub/Editor/2021.3.8f1/Editor/Data/Managed'
Mono path[1] = 'C:/Program Files/Unity/Hub/Editor/2021.3.8f1/Editor/Data/MonoBleedingEdge/lib/mono/unityjit-win32'
Mono config path = 'C:/Program Files/Unity/Hub/Editor/2021.3.8f1/Editor/Data/MonoBleedingEdge/etc'
Using monoOptions --debugger-agent=transport=dt_socket,embedding=1,server=y,suspend=n,address=127.0.0.1:56616
Begin MonoManager ReloadAssembly
Registering precompiled unity dll's ...
Register platform support module: C:/Program Files/Unity/Hub/Editor/2021.3.8f1/Editor/Data/PlaybackEngines/WebGLSupport/UnityEditor.WebGL.Extensions.dll
Register platform support module: C:/Program Files/Unity/Hub/Editor/2021.3.8f1/Editor/Data/PlaybackEngines/AndroidPlayer/UnityEditor.Android.Extensions.dll
Register platform support module: C:/Program Files/Unity/Hub/Editor/2021.3.8f1/Editor/Data/PlaybackEngines/WindowsStandaloneSupport/UnityEditor.WindowsStandalone.Extensions.dll
Registered in 0.025289 seconds.
Native extension for WindowsStandalone target not found
Native extension for Android target not found
Native extension for WebGL target not found
Refreshing native plugins compatible for Editor in 189.65 ms, found 3 plugins.
Preloading 0 native plugins for Editor in 0.00 ms.
Mono: successfully reloaded assembly
- Completed reload, in  1.642 seconds
Domain Reload Profiling:
	ReloadAssembly (1645ms)
		BeginReloadAssembly (195ms)
			ExecutionOrderSort (0ms)
			DisableScriptedObjects (0ms)
			BackupInstance (0ms)
			ReleaseScriptingObjects (0ms)
			CreateAndSetChildDomain (4ms)
		EndReloadAssembly (1123ms)
			LoadAssemblies (188ms)
			RebuildTransferFunctionScriptingTraits (0ms)
			SetupTypeCache (254ms)
			ReleaseScriptCaches (0ms)
			RebuildScriptCaches (68ms)
			SetupLoadedEditorAssemblies (667ms)
				LogAssemblyErrors (0ms)
				InitializePlatformSupportModulesInManaged (134ms)
				SetLoadedEditorAssemblies (0ms)
				RefreshPlugins (190ms)
				BeforeProcessingInitializeOnLoad (2ms)
				ProcessInitializeOnLoadAttributes (221ms)
				ProcessInitializeOnLoadMethodAttributes (120ms)
				AfterProcessingInitializeOnLoad (0ms)
				EditorAssembliesLoaded (0ms)
			ExecutionOrderSort2 (0ms)
			AwakeInstancesAfterBackupRestoration (0ms)
Platform modules already initialized, skipping
Registering precompiled user dll's ...
Registered in 0.026328 seconds.
Begin MonoManager ReloadAssembly
Symbol file LoadedFromMemory doesn't match image C:\Users\UZMAN\Documents\projects\Bridge_Fall_Game\Bridge_fall_try_1\Library\PackageCache\com.unity.visualscripting@1.7.8\Editor\VisualScripting.Core\Dependencies\YamlDotNet\Unity.VisualScripting.YamlDotNet.dll
Symbol file LoadedFromMemory doesn't match image C:\Users\UZMAN\Documents\projects\Bridge_Fall_Game\Bridge_fall_try_1\Library\PackageCache\com.unity.visualscripting@1.7.8\Editor\VisualScripting.Core\Dependencies\DotNetZip\Unity.VisualScripting.IonicZip.dll
Native extension for WindowsStandalone target not found
Native extension for Android target not found
Native extension for WebGL target not found
Refreshing native plugins compatible for Editor in 1.93 ms, found 3 plugins.
Preloading 0 native plugins for Editor in 0.00 ms.
Mono: successfully reloaded assembly
- Completed reload, in  7.936 seconds
Domain Reload Profiling:
	ReloadAssembly (7938ms)
		BeginReloadAssembly (372ms)
			ExecutionOrderSort (0ms)
			DisableScriptedObjects (12ms)
			BackupInstance (0ms)
			ReleaseScriptingObjects (0ms)
			CreateAndSetChildDomain (151ms)
		EndReloadAssembly (7292ms)
			LoadAssemblies (2972ms)
			RebuildTransferFunctionScriptingTraits (0ms)
			SetupTypeCache (1470ms)
			ReleaseScriptCaches (1ms)
			RebuildScriptCaches (129ms)
			SetupLoadedEditorAssemblies (2658ms)
				LogAssemblyErrors (0ms)
				InitializePlatformSupportModulesInManaged (39ms)
				SetLoadedEditorAssemblies (1ms)
				RefreshPlugins (2ms)
				BeforeProcessingInitializeOnLoad (206ms)
				ProcessInitializeOnLoadAttributes (709ms)
				ProcessInitializeOnLoadMethodAttributes (1687ms)
				AfterProcessingInitializeOnLoad (14ms)
				EditorAssembliesLoaded (0ms)
			ExecutionOrderSort2 (0ms)
			AwakeInstancesAfterBackupRestoration (16ms)
Platform modules already initialized, skipping
========================================================================
Worker process is ready to serve import requests
Launched and connected shader compiler UnityShaderCompiler.exe after 0.18 seconds
Refreshing native plugins compatible for Editor in 1.86 ms, found 3 plugins.
Preloading 0 native plugins for Editor in 0.00 ms.
Unloading 3666 Unused Serialized files (Serialized files now loaded: 0)
Unloading 41 unused Assets / (128.8 KB). Loaded Objects now: 4130.
Memory consumption went from 131.0 MB to 130.9 MB.
Total: 6.400600 ms (FindLiveObjects: 0.456700 ms CreateObjectMapping: 0.381000 ms MarkObjects: 5.426500 ms  DeleteObjects: 0.134500 ms)

AssetImportParameters requested are different than current active one (requested -> active):
  custom:video-decoder-ogg-theora: a1e56fd34408186e4bbccfd4996cb3dc -> 
  custom:container-muxer-webm: aa71ff27fc2769a1b78a27578f13a17b -> 
  custom:container-demuxer-webm: 4f35f7cbe854078d1ac9338744f61a02 -> 
  custom:video-encoder-webm-vp8: eb34c28f22e8b96e1ab97ce403110664 -> 
  custom:audio-encoder-webm-vorbis: bf7c407c2cedff20999df2af8eb42d56 -> 
  custom:framework-win-MediaFoundation: 216162199b28c13a410421893ffa2e32 -> 
  custom:container-demuxer-ogg: 62fdf1f143b41e24485cea50d1cbac27 -> 
  custom:video-decoder-webm-vp8: 9c59270c3fd7afecdb556c50c9e8de78 -> 
  custom:audio-decoder-ogg-vorbis: bf7c407c2cedff20999df2af8eb42d56 -> 
========================================================================
Received Import Request.
  Time since last request: 91737.041842 seconds.
  path: Assets/Scripts/camera/FollowPlayer.cs
  artifactKey: Guid(a90379725d0fdf247815276b948ae5c3) Importer(815301076,1909f56bfc062723c751e8b465ee728b)
Start importing Assets/Scripts/camera/FollowPlayer.cs using Guid(a90379725d0fdf247815276b948ae5c3) Importer(815301076,1909f56bfc062723c751e8b465ee728b)  -> (artifact id: '27bc786faeb3c0b410fc2fc443458e26') in 0.055836 seconds 
========================================================================
Received Import Request.
  Time since last request: 75.311398 seconds.
  path: Assets/MindstormAssets
  artifactKey: Guid(376c9a375e61db746946fefd79a61e85) Importer(815301076,1909f56bfc062723c751e8b465ee728b)
Start importing Assets/MindstormAssets using Guid(376c9a375e61db746946fefd79a61e85) Importer(815301076,1909f56bfc062723c751e8b465ee728b)  -> (artifact id: '7ec006524f833176a95a08a735886239') in 0.024180 seconds 
========================================================================
Received Import Request.
  Time since last request: 1.709849 seconds.
  path: Assets/MindstormAssets/EmXCGI
  artifactKey: Guid(d7410176da46b477e9a82133e678ece2) Importer(815301076,1909f56bfc062723c751e8b465ee728b)
Start importing Assets/MindstormAssets/EmXCGI using Guid(d7410176da46b477e9a82133e678ece2) Importer(815301076,1909f56bfc062723c751e8b465ee728b)  -> (artifact id: 'd67f70c8f698fdeb9eae62ff27666b56') in 0.026873 seconds 
========================================================================
Received Import Request.
  Time since last request: 3.816031 seconds.
  path: Assets/MindstormAssets/EmXCGI/Art
  artifactKey: Guid(3537276340aad4eb985fba38943d7499) Importer(815301076,1909f56bfc062723c751e8b465ee728b)
Start importing Assets/MindstormAssets/EmXCGI/Art using Guid(3537276340aad4eb985fba38943d7499) Importer(815301076,1909f56bfc062723c751e8b465ee728b)  -> (artifact id: '4b296c4bdf79f2b08662841e954c0025') in 0.041120 seconds 
========================================================================
Received Import Request.
  Time since last request: 2.207367 seconds.
  path: Assets/MindstormAssets/EmXCGI/Art/Models
  artifactKey: Guid(5debb9778bca04afd9bdd3f67938b9bb) Importer(815301076,1909f56bfc062723c751e8b465ee728b)
Start importing Assets/MindstormAssets/EmXCGI/Art/Models using Guid(5debb9778bca04afd9bdd3f67938b9bb) Importer(815301076,1909f56bfc062723c751e8b465ee728b)  -> (artifact id: '6aeaddfa7915802f38d240aeb934c64d') in 0.021616 seconds 
========================================================================
Received Import Request.
  Time since last request: 0.000560 seconds.
  path: Assets/MindstormAssets/EmXCGI/Art/Models/Cubish.fbx
  artifactKey: Guid(8d8698c01f59e45b9a37a51357c14a0a) Importer(815301076,1909f56bfc062723c751e8b465ee728b)
Start importing Assets/MindstormAssets/EmXCGI/Art/Models/Cubish.fbx using Guid(8d8698c01f59e45b9a37a51357c14a0a) Importer(815301076,1909f56bfc062723c751e8b465ee728b)  -> (artifact id: '09098921e2db72f997d959776fd928c4') in 0.512853 seconds 
========================================================================
Received Import Request.
  Time since last request: 0.001319 seconds.
  path: Assets/MindstormAssets/EmXCGI/Art/Models/Spike.fbx
  artifactKey: Guid(a5e99d1471fc34320859ec751b0a1250) Importer(815301076,1909f56bfc062723c751e8b465ee728b)
Start importing Assets/MindstormAssets/EmXCGI/Art/Models/Spike.fbx using Guid(a5e99d1471fc34320859ec751b0a1250) Importer(815301076,1909f56bfc062723c751e8b465ee728b)  -> (artifact id: 'c017a5ba67555d1b2ba84df3d4dbd87d') in 0.172342 seconds 
========================================================================
Received Import Request.
  Time since last request: 0.000420 seconds.
  path: Assets/MindstormAssets/EmXCGI/Art/Models/Rolly.fbx
  artifactKey: Guid(fd5665e7ff8b44e73ad2426669ded5da) Importer(815301076,1909f56bfc062723c751e8b465ee728b)
Start importing Assets/MindstormAssets/EmXCGI/Art/Models/Rolly.fbx using Guid(fd5665e7ff8b44e73ad2426669ded5da) Importer(815301076,1909f56bfc062723c751e8b465ee728b)  -> (artifact id: 'cfd81a19627ed6ff44e364ef3ebd84e2') in 0.193304 seconds 
========================================================================
Received Import Request.
  Time since last request: 26.889852 seconds.
  path: Assets/MindstormAssets/EmXCGI/Art/2D/Plus-Blue.png
  artifactKey: Guid(e830a7ed1c2c34d598d42012f1092621) Importer(815301076,1909f56bfc062723c751e8b465ee728b)
Start importing Assets/MindstormAssets/EmXCGI/Art/2D/Plus-Blue.png using Guid(e830a7ed1c2c34d598d42012f1092621) Importer(815301076,1909f56bfc062723c751e8b465ee728b)  -> (artifact id: 'd33815f857cf8504226a717b7e5a90d9') in 0.131172 seconds 
========================================================================
Received Import Request.
  Time since last request: 3.959696 seconds.
  path: Assets/MindstormAssets/EmXCGI/Art/2D
  artifactKey: Guid(8791aeaffb16f4f0297ae0c32bcee5e0) Importer(815301076,1909f56bfc062723c751e8b465ee728b)
Start importing Assets/MindstormAssets/EmXCGI/Art/2D using Guid(8791aeaffb16f4f0297ae0c32bcee5e0) Importer(815301076,1909f56bfc062723c751e8b465ee728b)  -> (artifact id: '11b249a10914fb12d8ac3306e04e7f2f') in 0.036306 seconds 
========================================================================
Received Import Request.
  Time since last request: 2.893564 seconds.
  path: Assets/MindstormAssets/EmXCGI/Prefabs/Axe.prefab
  artifactKey: Guid(e3b230b1132b64bbd89a1dec7b79bcaa) Importer(815301076,1909f56bfc062723c751e8b465ee728b)
Start importing Assets/MindstormAssets/EmXCGI/Prefabs/Axe.prefab using Guid(e3b230b1132b64bbd89a1dec7b79bcaa) Importer(815301076,1909f56bfc062723c751e8b465ee728b)  -> (artifact id: '7eacd2800fcd36d6859e2f3572050685') in 0.054917 seconds 
========================================================================
Received Import Request.
  Time since last request: 0.000090 seconds.
  path: Assets/MindstormAssets/EmXCGI/Prefabs/Rolly.prefab
  artifactKey: Guid(76ae10f93bae14fb7ad946d4a05ca313) Importer(815301076,1909f56bfc062723c751e8b465ee728b)
Start importing Assets/MindstormAssets/EmXCGI/Prefabs/Rolly.prefab using Guid(76ae10f93bae14fb7ad946d4a05ca313) Importer(815301076,1909f56bfc062723c751e8b465ee728b)  -> (artifact id: '74bde379f34ef7899d31b1b4e9ba44f2') in 0.106582 seconds 
========================================================================
Received Import Request.
  Time since last request: 0.000066 seconds.
  path: Assets/MindstormAssets/EmXCGI/Prefabs/Spike.prefab
  artifactKey: Guid(7dc4980b7697849e09aa2189a7a8010d) Importer(815301076,1909f56bfc062723c751e8b465ee728b)
Start importing Assets/MindstormAssets/EmXCGI/Prefabs/Spike.prefab using Guid(7dc4980b7697849e09aa2189a7a8010d) Importer(815301076,1909f56bfc062723c751e8b465ee728b)  -> (artifact id: 'e91dbdad3e896511fddbe1295e0414d8') in 0.130517 seconds 
========================================================================
Received Import Request.
  Time since last request: 5.469210 seconds.
  path: Assets/MindstormAssets/EmXCGI/Textures/Basic_Green_T.mat
  artifactKey: Guid(cb3fe72f64cce4456a9dd434fa2388f9) Importer(815301076,1909f56bfc062723c751e8b465ee728b)
Start importing Assets/MindstormAssets/EmXCGI/Textures/Basic_Green_T.mat using Guid(cb3fe72f64cce4456a9dd434fa2388f9) Importer(815301076,1909f56bfc062723c751e8b465ee728b)  -> (artifact id: '6ecd65979e13a1ddb4113e2a7e8264c8') in 0.058393 seconds 
========================================================================
Received Import Request.
  Time since last request: 0.000082 seconds.
  path: Assets/MindstormAssets/EmXCGI/Textures/Big_G.mat
  artifactKey: Guid(8308e1570454140b5a6fc17d05bfc1d3) Importer(815301076,1909f56bfc062723c751e8b465ee728b)
Start importing Assets/MindstormAssets/EmXCGI/Textures/Big_G.mat using Guid(8308e1570454140b5a6fc17d05bfc1d3) Importer(815301076,1909f56bfc062723c751e8b465ee728b)  -> (artifact id: '5ca091a4863d3a381e408f689edde02a') in 0.127243 seconds 
========================================================================
Received Import Request.
  Time since last request: 0.000066 seconds.
  path: Assets/MindstormAssets/EmXCGI/Textures/Blue_Plus.mat
  artifactKey: Guid(023ed78e5e95e477f8e7732e6fcf01e1) Importer(815301076,1909f56bfc062723c751e8b465ee728b)
Start importing Assets/MindstormAssets/EmXCGI/Textures/Blue_Plus.mat using Guid(023ed78e5e95e477f8e7732e6fcf01e1) Importer(815301076,1909f56bfc062723c751e8b465ee728b)  -> (artifact id: '5ecdd4538959b58daa84e4c171e035ea') in 0.141404 seconds 
========================================================================
Received Import Request.
  Time since last request: 0.000170 seconds.
  path: Assets/MindstormAssets/EmXCGI/Textures/Basic_Yellow.mat
  artifactKey: Guid(b625aef43106e4939a23b64b1e2882c4) Importer(815301076,1909f56bfc062723c751e8b465ee728b)
Start importing Assets/MindstormAssets/EmXCGI/Textures/Basic_Yellow.mat using Guid(b625aef43106e4939a23b64b1e2882c4) Importer(815301076,1909f56bfc062723c751e8b465ee728b)  -> (artifact id: 'e3ced11e5fc844b44aa63b1f19a5e061') in 0.134587 seconds 
========================================================================
Received Import Request.
  Time since last request: 4.602128 seconds.
  path: Assets/MindstormAssets/PACKAGES/TRAPS AND OBSTACLES
  artifactKey: Guid(aa80b85984e09474399398c7075074a6) Importer(815301076,1909f56bfc062723c751e8b465ee728b)
Start importing Assets/MindstormAssets/PACKAGES/TRAPS AND OBSTACLES using Guid(aa80b85984e09474399398c7075074a6) Importer(815301076,1909f56bfc062723c751e8b465ee728b)  -> (artifact id: 'bcf394a580efb1f38676aba48b55c58c') in 0.037740 seconds 
========================================================================
Received Import Request.
  Time since last request: 0.661420 seconds.
  path: Assets/MindstormAssets/PACKAGES/TRAPS AND OBSTACLES/Traps-Obstacles
  artifactKey: Guid(0a42445fa3ee34e4496afd7d2fc5012c) Importer(815301076,1909f56bfc062723c751e8b465ee728b)
Start importing Assets/MindstormAssets/PACKAGES/TRAPS AND OBSTACLES/Traps-Obstacles using Guid(0a42445fa3ee34e4496afd7d2fc5012c) Importer(815301076,1909f56bfc062723c751e8b465ee728b)  -> (artifact id: '693a3e86eb4e364b0e52ba84e8c5e3ac') in 0.021385 seconds 
========================================================================
Received Import Request.
  Time since last request: 2.429174 seconds.
  path: Assets/MindstormAssets/PACKAGES/TRAPS AND OBSTACLES/Traps-Obstacles/Animators
  artifactKey: Guid(e6cde322905867a4390805feb7f43734) Importer(815301076,1909f56bfc062723c751e8b465ee728b)
Start importing Assets/MindstormAssets/PACKAGES/TRAPS AND OBSTACLES/Traps-Obstacles/Animators using Guid(e6cde322905867a4390805feb7f43734) Importer(815301076,1909f56bfc062723c751e8b465ee728b)  -> (artifact id: '10bd78d70e834dc4e3eb9724a8c708ab') in 0.033573 seconds 
========================================================================
Received Import Request.
  Time since last request: 69.717647 seconds.
  path: Assets/Import tonewproject/Mainplayer.prefab
  artifactKey: Guid(e32cf47f1e2156a499cd751e9efe4d0e) Importer(815301076,1909f56bfc062723c751e8b465ee728b)
Start importing Assets/Import tonewproject/Mainplayer.prefab using Guid(e32cf47f1e2156a499cd751e9efe4d0e) Importer(815301076,1909f56bfc062723c751e8b465ee728b)  -> (artifact id: '85afeac83a374a400167c6b31e736324') in 0.398078 seconds 
========================================================================
Received Import Request.
  Time since last request: 16.023235 seconds.
  path: Assets/MindstormAssets/PACKAGES/TRAPS AND OBSTACLES/Traps-Obstacles/Materials/White.mat
  artifactKey: Guid(8caf8e8c44645e041a7312b5a11c3ce2) Importer(815301076,1909f56bfc062723c751e8b465ee728b)
Start importing Assets/MindstormAssets/PACKAGES/TRAPS AND OBSTACLES/Traps-Obstacles/Materials/White.mat using Guid(8caf8e8c44645e041a7312b5a11c3ce2) Importer(815301076,1909f56bfc062723c751e8b465ee728b)  -> (artifact id: '36362e952efd7b777d454da704cb01cf') in 0.472890 seconds 
========================================================================
Received Import Request.
  Time since last request: 10.370437 seconds.
  path: Assets/TextMesh Pro/Examples & Extras/Resources/Fonts & Materials/Electronic Highway Sign SDF.asset
  artifactKey: Guid(dc36b3fdc14f47ebb36fd484a67e268a) Importer(815301076,1909f56bfc062723c751e8b465ee728b)
Start importing Assets/TextMesh Pro/Examples & Extras/Resources/Fonts & Materials/Electronic Highway Sign SDF.asset using Guid(dc36b3fdc14f47ebb36fd484a67e268a) Importer(815301076,1909f56bfc062723c751e8b465ee728b)  -> (artifact id: 'ae228a7c67a5a0a8421a926be9c75f51') in 0.228836 seconds 
========================================================================
Received Import Request.
  Time since last request: 5.497107 seconds.
  path: Assets/Scripts/Bot/hitObstacle.cs
  artifactKey: Guid(08b59eadacfbc9f4b91208082df26387) Importer(815301076,1909f56bfc062723c751e8b465ee728b)
Start importing Assets/Scripts/Bot/hitObstacle.cs using Guid(08b59eadacfbc9f4b91208082df26387) Importer(815301076,1909f56bfc062723c751e8b465ee728b)  -> (artifact id: '3decb5291e417b667e1438a6c682ce0a') in 0.018842 seconds 
========================================================================
Received Import Request.
  Time since last request: 48.009565 seconds.
  path: Assets/Scripts/Player/PlayerHit.cs
  artifactKey: Guid(55b1bc006f2391d4caaa48987baea21b) Importer(815301076,1909f56bfc062723c751e8b465ee728b)
Start importing Assets/Scripts/Player/PlayerHit.cs using Guid(55b1bc006f2391d4caaa48987baea21b) Importer(815301076,1909f56bfc062723c751e8b465ee728b)  -> (artifact id: '14e37883f36bf5dd59c727f023ab5f94') in 0.013263 seconds 
========================================================================
Received Import Request.
  Time since last request: 256.854619 seconds.
  path: Assets/Scripts/Bot/Hitbyplayer.cs
  artifactKey: Guid(37be7b562241a5141ad635c970d9af28) Importer(815301076,1909f56bfc062723c751e8b465ee728b)
Start importing Assets/Scripts/Bot/Hitbyplayer.cs using Guid(37be7b562241a5141ad635c970d9af28) Importer(815301076,1909f56bfc062723c751e8b465ee728b)  -> (artifact id: '3726a2808063c8c7a23645c39564da6a') in 0.036297 seconds 
========================================================================
Received Prepare
Registering precompiled user dll's ...
Registered in 0.027650 seconds.
Begin MonoManager ReloadAssembly
Symbol file LoadedFromMemory doesn't match image C:\Users\UZMAN\Documents\projects\Bridge_Fall_Game\Bridge_fall_try_1\Library\PackageCache\com.unity.visualscripting@1.7.8\Editor\VisualScripting.Core\Dependencies\YamlDotNet\Unity.VisualScripting.YamlDotNet.dll
Symbol file LoadedFromMemory doesn't match image C:\Users\UZMAN\Documents\projects\Bridge_Fall_Game\Bridge_fall_try_1\Library\PackageCache\com.unity.visualscripting@1.7.8\Editor\VisualScripting.Core\Dependencies\DotNetZip\Unity.VisualScripting.IonicZip.dll
Native extension for WindowsStandalone target not found
Native extension for Android target not found
Native extension for WebGL target not found
Refreshing native plugins compatible for Editor in 1.08 ms, found 3 plugins.
Preloading 0 native plugins for Editor in 0.00 ms.
Mono: successfully reloaded assembly
- Completed reload, in  3.218 seconds
Domain Reload Profiling:
	ReloadAssembly (3219ms)
		BeginReloadAssembly (398ms)
			ExecutionOrderSort (0ms)
			DisableScriptedObjects (10ms)
			BackupInstance (0ms)
			ReleaseScriptingObjects (0ms)
			CreateAndSetChildDomain (114ms)
		EndReloadAssembly (2490ms)
			LoadAssemblies (283ms)
			RebuildTransferFunctionScriptingTraits (0ms)
			SetupTypeCache (870ms)
			ReleaseScriptCaches (3ms)
			RebuildScriptCaches (161ms)
			SetupLoadedEditorAssemblies (952ms)
				LogAssemblyErrors (0ms)
				InitializePlatformSupportModulesInManaged (61ms)
				SetLoadedEditorAssemblies (1ms)
				RefreshPlugins (1ms)
				BeforeProcessingInitializeOnLoad (175ms)
				ProcessInitializeOnLoadAttributes (626ms)
				ProcessInitializeOnLoadMethodAttributes (61ms)
				AfterProcessingInitializeOnLoad (27ms)
				EditorAssembliesLoaded (0ms)
			ExecutionOrderSort2 (0ms)
			AwakeInstancesAfterBackupRestoration (18ms)
Platform modules already initialized, skipping
Refreshing native plugins compatible for Editor in 4.76 ms, found 3 plugins.
Preloading 0 native plugins for Editor in 0.00 ms.
Unloading 3639 Unused Serialized files (Serialized files now loaded: 0)
Unloading 25 unused Assets / (95.6 KB). Loaded Objects now: 4193.
Memory consumption went from 146.6 MB to 146.5 MB.
Total: 9.438000 ms (FindLiveObjects: 0.500800 ms CreateObjectMapping: 3.427900 ms MarkObjects: 5.456400 ms  DeleteObjects: 0.050600 ms)

AssetImportParameters requested are different than current active one (requested -> active):
  custom:video-decoder-ogg-theora: a1e56fd34408186e4bbccfd4996cb3dc -> 
  custom:container-muxer-webm: aa71ff27fc2769a1b78a27578f13a17b -> 
  custom:container-demuxer-webm: 4f35f7cbe854078d1ac9338744f61a02 -> 
  custom:video-encoder-webm-vp8: eb34c28f22e8b96e1ab97ce403110664 -> 
  custom:audio-encoder-webm-vorbis: bf7c407c2cedff20999df2af8eb42d56 -> 
  custom:framework-win-MediaFoundation: 216162199b28c13a410421893ffa2e32 -> 
  custom:container-demuxer-ogg: 62fdf1f143b41e24485cea50d1cbac27 -> 
  custom:video-decoder-webm-vp8: 9c59270c3fd7afecdb556c50c9e8de78 -> 
  custom:audio-decoder-ogg-vorbis: bf7c407c2cedff20999df2af8eb42d56 -> 
========================================================================
Received Import Request.
  Time since last request: 685.561778 seconds.
  path: Assets/CharacterController
  artifactKey: Guid(f891829874d00bd43ab700568a8e48c8) Importer(815301076,1909f56bfc062723c751e8b465ee728b)
Start importing Assets/CharacterController using Guid(f891829874d00bd43ab700568a8e48c8) Importer(815301076,1909f56bfc062723c751e8b465ee728b)  -> (artifact id: 'ca808d3eaa7fc4046bba50e5204eb44f') in 0.025601 seconds 
========================================================================
Received Import Request.
  Time since last request: 3.817771 seconds.
  path: Assets/Import tonewproject
  artifactKey: Guid(60b841d7175cef74b97c230c95ad2dde) Importer(815301076,1909f56bfc062723c751e8b465ee728b)
Start importing Assets/Import tonewproject using Guid(60b841d7175cef74b97c230c95ad2dde) Importer(815301076,1909f56bfc062723c751e8b465ee728b)  -> (artifact id: 'afd62992c8b0dfcf9b2512204e4f082d') in 0.031351 seconds 
========================================================================
Received Import Request.
  Time since last request: 0.020256 seconds.
  path: Assets/Import tonewproject/HumanMale_Character_FREE.prefab
  artifactKey: Guid(589ea9f0fe2bacc4f9315f235ef5afe3) Importer(815301076,1909f56bfc062723c751e8b465ee728b)
Start importing Assets/Import tonewproject/HumanMale_Character_FREE.prefab using Guid(589ea9f0fe2bacc4f9315f235ef5afe3) Importer(815301076,1909f56bfc062723c751e8b465ee728b)  -> (artifact id: '8493ccde9a56a5ed99c3cf6266f37cb9') in 0.365351 seconds 
========================================================================
Received Import Request.
  Time since last request: 4.948633 seconds.
  path: Assets/joystickCanvas
  artifactKey: Guid(3726483829b967043ab6ebf78e43c313) Importer(815301076,1909f56bfc062723c751e8b465ee728b)
Start importing Assets/joystickCanvas using Guid(3726483829b967043ab6ebf78e43c313) Importer(815301076,1909f56bfc062723c751e8b465ee728b)  -> (artifact id: '248ee2ed51d32d59bb155ae55c2ba615') in 0.036116 seconds 
========================================================================
Received Import Request.
  Time since last request: 0.000053 seconds.
  path: Assets/joystickCanvas/EventSystem.prefab
  artifactKey: Guid(2de3c6a839eb09943b65bec7a5686d5f) Importer(815301076,1909f56bfc062723c751e8b465ee728b)
Start importing Assets/joystickCanvas/EventSystem.prefab using Guid(2de3c6a839eb09943b65bec7a5686d5f) Importer(815301076,1909f56bfc062723c751e8b465ee728b)  -> (artifact id: 'b46f510a7c67e95f9762f3ef29ba3c99') in 0.080109 seconds 
========================================================================
Received Import Request.
  Time since last request: 12.053253 seconds.
  path: Assets/Samples
  artifactKey: Guid(2885c733e6893304c8f1e9d9ad4e7094) Importer(815301076,1909f56bfc062723c751e8b465ee728b)
Start importing Assets/Samples using Guid(2885c733e6893304c8f1e9d9ad4e7094) Importer(815301076,1909f56bfc062723c751e8b465ee728b)  -> (artifact id: 'bb970f7b1917aaa95d2d0291bf4c9ed8') in 0.022864 seconds 
========================================================================
Received Import Request.
  Time since last request: 41.156166 seconds.
  path: Assets/Scenes/CompleteLevelAnimation
  artifactKey: Guid(faba5840c7b99a845bf1105be0d5be04) Importer(815301076,1909f56bfc062723c751e8b465ee728b)
Start importing Assets/Scenes/CompleteLevelAnimation using Guid(faba5840c7b99a845bf1105be0d5be04) Importer(815301076,1909f56bfc062723c751e8b465ee728b)  -> (artifact id: '2eaa368b1256deaef7b6ff33f599836d') in 0.026967 seconds 
========================================================================
Received Import Request.
  Time since last request: 13.678438 seconds.
  path: Assets/Scenes/Current final levels
  artifactKey: Guid(bb6e43871884b6944b81c19ae30ea0af) Importer(815301076,1909f56bfc062723c751e8b465ee728b)
Start importing Assets/Scenes/Current final levels using Guid(bb6e43871884b6944b81c19ae30ea0af) Importer(815301076,1909f56bfc062723c751e8b465ee728b)  -> (artifact id: 'ac77d69db1af328771e8443fab620f40') in 0.023051 seconds 
========================================================================
Received Import Request.
  Time since last request: 24.947984 seconds.
  path: Assets/Scenes/level1_try2.unity
  artifactKey: Guid(290d6c721d3a7604baf573a4a1b65d61) Importer(815301076,1909f56bfc062723c751e8b465ee728b)
Start importing Assets/Scenes/level1_try2.unity using Guid(290d6c721d3a7604baf573a4a1b65d61) Importer(815301076,1909f56bfc062723c751e8b465ee728b)  -> (artifact id: '03223756651afab548c5c692e34fdb91') in 0.046319 seconds 
========================================================================
Received Import Request.
  Time since last request: 5.409149 seconds.
  path: Assets/Scenes/level2()1.unity
  artifactKey: Guid(82e6aece70368ef4a8770b072a688c9f) Importer(815301076,1909f56bfc062723c751e8b465ee728b)
Start importing Assets/Scenes/level2()1.unity using Guid(82e6aece70368ef4a8770b072a688c9f) Importer(815301076,1909f56bfc062723c751e8b465ee728b)  -> (artifact id: '883d004e87022e0e2ef51650542d0d0c') in 0.018042 seconds 
========================================================================
Received Import Request.
  Time since last request: 43.607473 seconds.
  path: Assets/Scenes/main_Level ().unity
  artifactKey: Guid(7fa0def1d14f5584297d55d16aa24aa6) Importer(815301076,1909f56bfc062723c751e8b465ee728b)
Start importing Assets/Scenes/main_Level ().unity using Guid(7fa0def1d14f5584297d55d16aa24aa6) Importer(815301076,1909f56bfc062723c751e8b465ee728b)  -> (artifact id: '622bf894a5b22b283e1663f901c1b717') in 0.032338 seconds 
========================================================================
Received Prepare
Registering precompiled user dll's ...
Registered in 0.022295 seconds.
Begin MonoManager ReloadAssembly
Symbol file LoadedFromMemory doesn't match image C:\Users\UZMAN\Documents\projects\Bridge_Fall_Game\Bridge_fall_try_1\Library\PackageCache\com.unity.visualscripting@1.7.8\Editor\VisualScripting.Core\Dependencies\YamlDotNet\Unity.VisualScripting.YamlDotNet.dll
Symbol file LoadedFromMemory doesn't match image C:\Users\UZMAN\Documents\projects\Bridge_Fall_Game\Bridge_fall_try_1\Library\PackageCache\com.unity.visualscripting@1.7.8\Editor\VisualScripting.Core\Dependencies\DotNetZip\Unity.VisualScripting.IonicZip.dll
Native extension for WindowsStandalone target not found
Native extension for Android target not found
Native extension for WebGL target not found
Refreshing native plugins compatible for Editor in 1.81 ms, found 3 plugins.
Preloading 0 native plugins for Editor in 0.00 ms.
Mono: successfully reloaded assembly
- Completed reload, in  7.298 seconds
Domain Reload Profiling:
	ReloadAssembly (7305ms)
		BeginReloadAssembly (406ms)
			ExecutionOrderSort (0ms)
			DisableScriptedObjects (14ms)
			BackupInstance (0ms)
			ReleaseScriptingObjects (0ms)
			CreateAndSetChildDomain (116ms)
		EndReloadAssembly (6578ms)
			LoadAssemblies (276ms)
			RebuildTransferFunctionScriptingTraits (0ms)
			SetupTypeCache (992ms)
			ReleaseScriptCaches (2ms)
			RebuildScriptCaches (230ms)
			SetupLoadedEditorAssemblies (4566ms)
				LogAssemblyErrors (0ms)
				InitializePlatformSupportModulesInManaged (125ms)
				SetLoadedEditorAssemblies (1ms)
				RefreshPlugins (2ms)
				BeforeProcessingInitializeOnLoad (580ms)
				ProcessInitializeOnLoadAttributes (3457ms)
				ProcessInitializeOnLoadMethodAttributes (317ms)
				AfterProcessingInitializeOnLoad (83ms)
				EditorAssembliesLoaded (1ms)
			ExecutionOrderSort2 (0ms)
			AwakeInstancesAfterBackupRestoration (67ms)
Platform modules already initialized, skipping
Refreshing native plugins compatible for Editor in 6.44 ms, found 3 plugins.
Preloading 0 native plugins for Editor in 0.00 ms.
Unloading 3639 Unused Serialized files (Serialized files now loaded: 0)
Unloading 22 unused Assets / (95.6 KB). Loaded Objects now: 4208.
Memory consumption went from 146.6 MB to 146.5 MB.
Total: 5.402800 ms (FindLiveObjects: 1.010200 ms CreateObjectMapping: 0.366100 ms MarkObjects: 3.970200 ms  DeleteObjects: 0.054100 ms)

AssetImportParameters requested are different than current active one (requested -> active):
  custom:video-decoder-ogg-theora: a1e56fd34408186e4bbccfd4996cb3dc -> 
  custom:container-muxer-webm: aa71ff27fc2769a1b78a27578f13a17b -> 
  custom:container-demuxer-webm: 4f35f7cbe854078d1ac9338744f61a02 -> 
  custom:video-encoder-webm-vp8: eb34c28f22e8b96e1ab97ce403110664 -> 
  custom:audio-encoder-webm-vorbis: bf7c407c2cedff20999df2af8eb42d56 -> 
  custom:framework-win-MediaFoundation: 216162199b28c13a410421893ffa2e32 -> 
  custom:container-demuxer-ogg: 62fdf1f143b41e24485cea50d1cbac27 -> 
  custom:video-decoder-webm-vp8: 9c59270c3fd7afecdb556c50c9e8de78 -> 
  custom:audio-decoder-ogg-vorbis: bf7c407c2cedff20999df2af8eb42d56 -> 
========================================================================
Received Prepare
Registering precompiled user dll's ...
Registered in 0.025652 seconds.
Begin MonoManager ReloadAssembly
Symbol file LoadedFromMemory doesn't match image C:\Users\UZMAN\Documents\projects\Bridge_Fall_Game\Bridge_fall_try_1\Library\PackageCache\com.unity.visualscripting@1.7.8\Editor\VisualScripting.Core\Dependencies\YamlDotNet\Unity.VisualScripting.YamlDotNet.dll
Symbol file LoadedFromMemory doesn't match image C:\Users\UZMAN\Documents\projects\Bridge_Fall_Game\Bridge_fall_try_1\Library\PackageCache\com.unity.visualscripting@1.7.8\Editor\VisualScripting.Core\Dependencies\DotNetZip\Unity.VisualScripting.IonicZip.dll
Native extension for WindowsStandalone target not found
Native extension for Android target not found
Native extension for WebGL target not found
Refreshing native plugins compatible for Editor in 2.65 ms, found 3 plugins.
Preloading 0 native plugins for Editor in 0.00 ms.
Mono: successfully reloaded assembly
- Completed reload, in  5.431 seconds
Domain Reload Profiling:
	ReloadAssembly (5433ms)
		BeginReloadAssembly (457ms)
			ExecutionOrderSort (0ms)
			DisableScriptedObjects (17ms)
			BackupInstance (0ms)
			ReleaseScriptingObjects (0ms)
			CreateAndSetChildDomain (154ms)
		EndReloadAssembly (4639ms)
			LoadAssemblies (287ms)
			RebuildTransferFunctionScriptingTraits (0ms)
			SetupTypeCache (1396ms)
			ReleaseScriptCaches (13ms)
			RebuildScriptCaches (311ms)
			SetupLoadedEditorAssemblies (2306ms)
				LogAssemblyErrors (0ms)
				InitializePlatformSupportModulesInManaged (164ms)
				SetLoadedEditorAssemblies (8ms)
				RefreshPlugins (3ms)
				BeforeProcessingInitializeOnLoad (483ms)
				ProcessInitializeOnLoadAttributes (1496ms)
				ProcessInitializeOnLoadMethodAttributes (127ms)
				AfterProcessingInitializeOnLoad (23ms)
				EditorAssembliesLoaded (0ms)
			ExecutionOrderSort2 (0ms)
			AwakeInstancesAfterBackupRestoration (19ms)
Platform modules already initialized, skipping
Refreshing native plugins compatible for Editor in 5.08 ms, found 3 plugins.
Preloading 0 native plugins for Editor in 0.00 ms.
Unloading 3639 Unused Serialized files (Serialized files now loaded: 0)
Unloading 22 unused Assets / (95.6 KB). Loaded Objects now: 4223.
Memory consumption went from 146.7 MB to 146.6 MB.
Total: 3.989400 ms (FindLiveObjects: 0.355200 ms CreateObjectMapping: 0.237200 ms MarkObjects: 3.333200 ms  DeleteObjects: 0.062200 ms)

AssetImportParameters requested are different than current active one (requested -> active):
  custom:video-decoder-ogg-theora: a1e56fd34408186e4bbccfd4996cb3dc -> 
  custom:container-muxer-webm: aa71ff27fc2769a1b78a27578f13a17b -> 
  custom:container-demuxer-webm: 4f35f7cbe854078d1ac9338744f61a02 -> 
  custom:video-encoder-webm-vp8: eb34c28f22e8b96e1ab97ce403110664 -> 
  custom:audio-encoder-webm-vorbis: bf7c407c2cedff20999df2af8eb42d56 -> 
  custom:framework-win-MediaFoundation: 216162199b28c13a410421893ffa2e32 -> 
  custom:container-demuxer-ogg: 62fdf1f143b41e24485cea50d1cbac27 -> 
  custom:video-decoder-webm-vp8: 9c59270c3fd7afecdb556c50c9e8de78 -> 
  custom:audio-decoder-ogg-vorbis: bf7c407c2cedff20999df2af8eb42d56 -> 
========================================================================
Received Import Request.
  Time since last request: 463.660372 seconds.
  path: Assets/Scenes/level2()1.unity
  artifactKey: Guid(82e6aece70368ef4a8770b072a688c9f) Importer(815301076,1909f56bfc062723c751e8b465ee728b)
Start importing Assets/Scenes/level2()1.unity using Guid(82e6aece70368ef4a8770b072a688c9f) Importer(815301076,1909f56bfc062723c751e8b465ee728b)  -> (artifact id: '1792b7682242094c60fbd1d865928b26') in 0.043838 seconds 
========================================================================
Received Prepare
Registering precompiled user dll's ...
Registered in 0.023029 seconds.
Begin MonoManager ReloadAssembly
Symbol file LoadedFromMemory doesn't match image C:\Users\UZMAN\Documents\projects\Bridge_Fall_Game\Bridge_fall_try_1\Library\PackageCache\com.unity.visualscripting@1.7.8\Editor\VisualScripting.Core\Dependencies\YamlDotNet\Unity.VisualScripting.YamlDotNet.dll
Symbol file LoadedFromMemory doesn't match image C:\Users\UZMAN\Documents\projects\Bridge_Fall_Game\Bridge_fall_try_1\Library\PackageCache\com.unity.visualscripting@1.7.8\Editor\VisualScripting.Core\Dependencies\DotNetZip\Unity.VisualScripting.IonicZip.dll
Native extension for WindowsStandalone target not found
Native extension for Android target not found
Native extension for WebGL target not found
Refreshing native plugins compatible for Editor in 2.01 ms, found 3 plugins.
Preloading 0 native plugins for Editor in 0.00 ms.
Mono: successfully reloaded assembly
- Completed reload, in  5.662 seconds
Domain Reload Profiling:
	ReloadAssembly (5664ms)
		BeginReloadAssembly (432ms)
			ExecutionOrderSort (0ms)
			DisableScriptedObjects (13ms)
			BackupInstance (0ms)
			ReleaseScriptingObjects (0ms)
			CreateAndSetChildDomain (117ms)
		EndReloadAssembly (4863ms)
			LoadAssemblies (288ms)
			RebuildTransferFunctionScriptingTraits (0ms)
			SetupTypeCache (1680ms)
			ReleaseScriptCaches (4ms)
			RebuildScriptCaches (466ms)
			SetupLoadedEditorAssemblies (1841ms)
				LogAssemblyErrors (0ms)
				InitializePlatformSupportModulesInManaged (261ms)
				SetLoadedEditorAssemblies (4ms)
				RefreshPlugins (2ms)
				BeforeProcessingInitializeOnLoad (689ms)
				ProcessInitializeOnLoadAttributes (809ms)
				ProcessInitializeOnLoadMethodAttributes (57ms)
				AfterProcessingInitializeOnLoad (19ms)
				EditorAssembliesLoaded (0ms)
			ExecutionOrderSort2 (0ms)
			AwakeInstancesAfterBackupRestoration (18ms)
Platform modules already initialized, skipping
Refreshing native plugins compatible for Editor in 6.54 ms, found 3 plugins.
Preloading 0 native plugins for Editor in 0.00 ms.
Unloading 3639 Unused Serialized files (Serialized files now loaded: 0)
Unloading 22 unused Assets / (95.6 KB). Loaded Objects now: 4238.
Memory consumption went from 146.7 MB to 146.6 MB.
Total: 5.622400 ms (FindLiveObjects: 0.417100 ms CreateObjectMapping: 0.420400 ms MarkObjects: 4.716500 ms  DeleteObjects: 0.066800 ms)

AssetImportParameters requested are different than current active one (requested -> active):
  custom:video-decoder-ogg-theora: a1e56fd34408186e4bbccfd4996cb3dc -> 
  custom:container-muxer-webm: aa71ff27fc2769a1b78a27578f13a17b -> 
  custom:container-demuxer-webm: 4f35f7cbe854078d1ac9338744f61a02 -> 
  custom:video-encoder-webm-vp8: eb34c28f22e8b96e1ab97ce403110664 -> 
  custom:audio-encoder-webm-vorbis: bf7c407c2cedff20999df2af8eb42d56 -> 
  custom:framework-win-MediaFoundation: 216162199b28c13a410421893ffa2e32 -> 
  custom:container-demuxer-ogg: 62fdf1f143b41e24485cea50d1cbac27 -> 
  custom:video-decoder-webm-vp8: 9c59270c3fd7afecdb556c50c9e8de78 -> 
  custom:audio-decoder-ogg-vorbis: bf7c407c2cedff20999df2af8eb42d56 -> 
========================================================================
Received Prepare
Registering precompiled user dll's ...
Registered in 0.016603 seconds.
Begin MonoManager ReloadAssembly
Symbol file LoadedFromMemory doesn't match image C:\Users\UZMAN\Documents\projects\Bridge_Fall_Game\Bridge_fall_try_1\Library\PackageCache\com.unity.visualscripting@1.7.8\Editor\VisualScripting.Core\Dependencies\YamlDotNet\Unity.VisualScripting.YamlDotNet.dll
Symbol file LoadedFromMemory doesn't match image C:\Users\UZMAN\Documents\projects\Bridge_Fall_Game\Bridge_fall_try_1\Library\PackageCache\com.unity.visualscripting@1.7.8\Editor\VisualScripting.Core\Dependencies\DotNetZip\Unity.VisualScripting.IonicZip.dll
Native extension for WindowsStandalone target not found
Native extension for Android target not found
Native extension for WebGL target not found
Refreshing native plugins compatible for Editor in 5.07 ms, found 3 plugins.
Preloading 0 native plugins for Editor in 0.00 ms.
Mono: successfully reloaded assembly
- Completed reload, in  6.106 seconds
Domain Reload Profiling:
	ReloadAssembly (6109ms)
		BeginReloadAssembly (415ms)
			ExecutionOrderSort (0ms)
			DisableScriptedObjects (23ms)
			BackupInstance (0ms)
			ReleaseScriptingObjects (0ms)
			CreateAndSetChildDomain (112ms)
		EndReloadAssembly (5306ms)
			LoadAssemblies (258ms)
			RebuildTransferFunctionScriptingTraits (0ms)
			SetupTypeCache (1746ms)
			ReleaseScriptCaches (8ms)
			RebuildScriptCaches (408ms)
			SetupLoadedEditorAssemblies (2367ms)
				LogAssemblyErrors (0ms)
				InitializePlatformSupportModulesInManaged (223ms)
				SetLoadedEditorAssemblies (4ms)
				RefreshPlugins (5ms)
				BeforeProcessingInitializeOnLoad (655ms)
				ProcessInitializeOnLoadAttributes (1400ms)
				ProcessInitializeOnLoadMethodAttributes (62ms)
				AfterProcessingInitializeOnLoad (18ms)
				EditorAssembliesLoaded (0ms)
			ExecutionOrderSort2 (0ms)
			AwakeInstancesAfterBackupRestoration (14ms)
Platform modules already initialized, skipping
Refreshing native plugins compatible for Editor in 5.42 ms, found 3 plugins.
Preloading 0 native plugins for Editor in 0.00 ms.
Unloading 3639 Unused Serialized files (Serialized files now loaded: 0)
Unloading 22 unused Assets / (95.6 KB). Loaded Objects now: 4253.
Memory consumption went from 146.7 MB to 146.6 MB.
Total: 9.356600 ms (FindLiveObjects: 0.974400 ms CreateObjectMapping: 0.493200 ms MarkObjects: 7.824100 ms  DeleteObjects: 0.062700 ms)

AssetImportParameters requested are different than current active one (requested -> active):
  custom:video-decoder-ogg-theora: a1e56fd34408186e4bbccfd4996cb3dc -> 
  custom:container-muxer-webm: aa71ff27fc2769a1b78a27578f13a17b -> 
  custom:container-demuxer-webm: 4f35f7cbe854078d1ac9338744f61a02 -> 
  custom:video-encoder-webm-vp8: eb34c28f22e8b96e1ab97ce403110664 -> 
  custom:audio-encoder-webm-vorbis: bf7c407c2cedff20999df2af8eb42d56 -> 
  custom:framework-win-MediaFoundation: 216162199b28c13a410421893ffa2e32 -> 
  custom:container-demuxer-ogg: 62fdf1f143b41e24485cea50d1cbac27 -> 
  custom:video-decoder-webm-vp8: 9c59270c3fd7afecdb556c50c9e8de78 -> 
  custom:audio-decoder-ogg-vorbis: bf7c407c2cedff20999df2af8eb42d56 -> 
========================================================================
Received Prepare
Registering precompiled user dll's ...
Registered in 0.023112 seconds.
Begin MonoManager ReloadAssembly
Symbol file LoadedFromMemory doesn't match image C:\Users\UZMAN\Documents\projects\Bridge_Fall_Game\Bridge_fall_try_1\Library\PackageCache\com.unity.visualscripting@1.7.8\Editor\VisualScripting.Core\Dependencies\YamlDotNet\Unity.VisualScripting.YamlDotNet.dll
Symbol file LoadedFromMemory doesn't match image C:\Users\UZMAN\Documents\projects\Bridge_Fall_Game\Bridge_fall_try_1\Library\PackageCache\com.unity.visualscripting@1.7.8\Editor\VisualScripting.Core\Dependencies\DotNetZip\Unity.VisualScripting.IonicZip.dll
Native extension for WindowsStandalone target not found
Native extension for Android target not found
Native extension for WebGL target not found
Refreshing native plugins compatible for Editor in 3.13 ms, found 3 plugins.
Preloading 0 native plugins for Editor in 0.00 ms.
Mono: successfully reloaded assembly
- Completed reload, in  5.622 seconds
Domain Reload Profiling:
	ReloadAssembly (5632ms)
		BeginReloadAssembly (444ms)
			ExecutionOrderSort (0ms)
			DisableScriptedObjects (15ms)
			BackupInstance (0ms)
			ReleaseScriptingObjects (0ms)
			CreateAndSetChildDomain (94ms)
		EndReloadAssembly (4852ms)
			LoadAssemblies (344ms)
			RebuildTransferFunctionScriptingTraits (0ms)
			SetupTypeCache (1234ms)
			ReleaseScriptCaches (4ms)
			RebuildScriptCaches (281ms)
			SetupLoadedEditorAssemblies (2535ms)
				LogAssemblyErrors (0ms)
				InitializePlatformSupportModulesInManaged (172ms)
				SetLoadedEditorAssemblies (2ms)
				RefreshPlugins (3ms)
				BeforeProcessingInitializeOnLoad (523ms)
				ProcessInitializeOnLoadAttributes (1578ms)
				ProcessInitializeOnLoadMethodAttributes (203ms)
				AfterProcessingInitializeOnLoad (54ms)
				EditorAssembliesLoaded (1ms)
			ExecutionOrderSort2 (0ms)
			AwakeInstancesAfterBackupRestoration (44ms)
Platform modules already initialized, skipping
Refreshing native plugins compatible for Editor in 10.64 ms, found 3 plugins.
Preloading 0 native plugins for Editor in 0.00 ms.
Unloading 3639 Unused Serialized files (Serialized files now loaded: 0)
Unloading 22 unused Assets / (95.5 KB). Loaded Objects now: 4268.
Memory consumption went from 146.7 MB to 146.6 MB.
Total: 9.241100 ms (FindLiveObjects: 0.884300 ms CreateObjectMapping: 0.988300 ms MarkObjects: 7.266000 ms  DeleteObjects: 0.100200 ms)

AssetImportParameters requested are different than current active one (requested -> active):
  custom:video-decoder-ogg-theora: a1e56fd34408186e4bbccfd4996cb3dc -> 
  custom:container-muxer-webm: aa71ff27fc2769a1b78a27578f13a17b -> 
  custom:container-demuxer-webm: 4f35f7cbe854078d1ac9338744f61a02 -> 
  custom:video-encoder-webm-vp8: eb34c28f22e8b96e1ab97ce403110664 -> 
  custom:audio-encoder-webm-vorbis: bf7c407c2cedff20999df2af8eb42d56 -> 
  custom:framework-win-MediaFoundation: 216162199b28c13a410421893ffa2e32 -> 
  custom:container-demuxer-ogg: 62fdf1f143b41e24485cea50d1cbac27 -> 
  custom:video-decoder-webm-vp8: 9c59270c3fd7afecdb556c50c9e8de78 -> 
  custom:audio-decoder-ogg-vorbis: bf7c407c2cedff20999df2af8eb42d56 -> 
